<?xml version="1.0" encoding="UTF-8"?>
<!-- Generated by org.testng.reporters.JUnitReportReporter -->
<testsuite hostname="DESKTOP-V5AT9IL" failures="0" tests="1" name="com.vildaris.testscripts.Operations.CreateOperation" time="0.021" errors="0" timestamp="2025-03-06T11:00:02 IST" skipped="0">
  <testcase classname="com.vildaris.testscripts.Operations.CreateOperation" name="createOp" time="0.021">
    <system-out>
      <![CDATA[Campaign created]]>
    </system-out>
  </testcase> <!-- createOp -->
  <system-out>
    <![CDATA[Campaign created]]>
  </system-out>
</testsuite> <!-- com.vildaris.testscripts.Operations.CreateOperation -->
